c:\users\tmdwn\desktop\sbs-c--\source-c\구구단 숙제\x64\debug\vc143.pdb
c:\users\tmdwn\desktop\sbs-c--\source-c\구구단 숙제\x64\debug\vc143.idb
c:\users\tmdwn\desktop\sbs-c--\source-c\구구단 숙제\x64\debug\레퍼.obj
c:\users\tmdwn\desktop\sbs-c--\source-c\구구단 숙제\x64\debug\구구단.obj
c:\users\tmdwn\desktop\sbs-c--\source-c\x64\debug\구구단 숙제.exe
c:\users\tmdwn\desktop\sbs-c--\source-c\x64\debug\구구단 숙제.pdb
c:\users\tmdwn\desktop\sbs-c--\source-c\구구단 숙제\x64\debug\구구단 숙제.ilk
c:\users\administrator\desktop\sbs-c--\source-c\구구단 숙제\x64\debug\구구단.obj
c:\users\administrator\desktop\sbs-c--\source-c\구구단 숙제\x64\debug\레퍼.obj
c:\users\administrator\desktop\sbs-c--\source-c\구구단 숙제\x64\debug\구구단 숙제.ilk
c:\users\administrator\desktop\sbs-c--\source-c\구구단 숙제\x64\debug\vc143.idb
c:\users\administrator\desktop\sbs-c--\source-c\구구단 숙제\x64\debug\vc143.pdb
c:\users\administrator\desktop\sbs-c--\source-c\x64\debug\구구단 숙제.pdb
c:\users\administrator\desktop\sbs-c--\source-c\x64\debug\구구단 숙제.exe
c:\users\administrator\desktop\sbs-c--\source-c\구구단 숙제\x64\debug\구구단 숙제.tlog\cl.command.1.tlog
c:\users\administrator\desktop\sbs-c--\source-c\구구단 숙제\x64\debug\구구단 숙제.tlog\cl.items.tlog
c:\users\administrator\desktop\sbs-c--\source-c\구구단 숙제\x64\debug\구구단 숙제.tlog\cl.read.1.tlog
c:\users\administrator\desktop\sbs-c--\source-c\구구단 숙제\x64\debug\구구단 숙제.tlog\cl.write.1.tlog
c:\users\administrator\desktop\sbs-c--\source-c\구구단 숙제\x64\debug\구구단 숙제.tlog\link.command.1.tlog
c:\users\administrator\desktop\sbs-c--\source-c\구구단 숙제\x64\debug\구구단 숙제.tlog\link.read.1.tlog
c:\users\administrator\desktop\sbs-c--\source-c\구구단 숙제\x64\debug\구구단 숙제.tlog\link.secondary.1.tlog
c:\users\administrator\desktop\sbs-c--\source-c\구구단 숙제\x64\debug\구구단 숙제.tlog\link.write.1.tlog
